C:\USERS\CULT\DESKTOP\PROJETCULT\CULT\CULT\CULT\DEBUG\CHROMATICPOINT.OBJ
C:\Users\CULT\Desktop\PROJETCULT\CULT\CULT\CULT\Debug\cl.command.1.tlog
C:\Users\CULT\Desktop\PROJETCULT\CULT\CULT\CULT\Debug\CL.read.1.tlog
C:\Users\CULT\Desktop\PROJETCULT\CULT\CULT\CULT\Debug\CL.write.1.tlog
C:\Users\CULT\Desktop\PROJETCULT\CULT\CULT\CULT\Debug\CULT.exe.embed.manifest
C:\USERS\CULT\DESKTOP\PROJETCULT\CULT\CULT\CULT\DEBUG\CULT.EXE.EMBED.MANIFEST.RES
C:\Users\CULT\Desktop\PROJETCULT\CULT\CULT\CULT\Debug\CULT.exe.intermediate.manifest
C:\Users\CULT\Desktop\PROJETCULT\CULT\CULT\CULT\Debug\CULT_manifest.rc
C:\USERS\CULT\DESKTOP\PROJETCULT\CULT\CULT\CULT\DEBUG\CULTWINDOW.OBJ
C:\USERS\CULT\DESKTOP\PROJETCULT\CULT\CULT\CULT\DEBUG\IPENDPOINTNAME.OBJ
C:\Users\CULT\Desktop\PROJETCULT\CULT\CULT\CULT\Debug\link.command.1.tlog
C:\Users\CULT\Desktop\PROJETCULT\CULT\CULT\CULT\Debug\link.read.1.tlog
C:\Users\CULT\Desktop\PROJETCULT\CULT\CULT\CULT\Debug\link.write.1.tlog
C:\Users\CULT\Desktop\PROJETCULT\CULT\CULT\CULT\Debug\link-cvtres.read.1.tlog
C:\Users\CULT\Desktop\PROJETCULT\CULT\CULT\CULT\Debug\link-cvtres.write.1.tlog
C:\USERS\CULT\DESKTOP\PROJETCULT\CULT\CULT\CULT\DEBUG\MAIN.OBJ
C:\USERS\CULT\DESKTOP\PROJETCULT\CULT\CULT\CULT\DEBUG\NETWORKINGUTILS.OBJ
C:\USERS\CULT\DESKTOP\PROJETCULT\CULT\CULT\CULT\DEBUG\OSCOUTBOUNDPACKETSTREAM.OBJ
C:\USERS\CULT\DESKTOP\PROJETCULT\CULT\CULT\CULT\DEBUG\OSCPRINTRECEIVEDELEMENTS.OBJ
C:\USERS\CULT\DESKTOP\PROJETCULT\CULT\CULT\CULT\DEBUG\OSCRECEIVEDELEMENTS.OBJ
C:\USERS\CULT\DESKTOP\PROJETCULT\CULT\CULT\CULT\DEBUG\OSCTYPES.OBJ
C:\Users\CULT\Desktop\PROJETCULT\CULT\CULT\CULT\Debug\rc.command.1.tlog
C:\Users\CULT\Desktop\PROJETCULT\CULT\CULT\CULT\Debug\rc.read.1.tlog
C:\Users\CULT\Desktop\PROJETCULT\CULT\CULT\CULT\Debug\rc.write.1.tlog
C:\USERS\CULT\DESKTOP\PROJETCULT\CULT\CULT\CULT\DEBUG\TUIOCLIENT.OBJ
C:\USERS\CULT\DESKTOP\PROJETCULT\CULT\CULT\CULT\DEBUG\TUIOSERVER.OBJ
C:\USERS\CULT\DESKTOP\PROJETCULT\CULT\CULT\CULT\DEBUG\TUIOTIME.OBJ
C:\USERS\CULT\DESKTOP\PROJETCULT\CULT\CULT\CULT\DEBUG\UDPSOCKET.OBJ
C:\Users\CULT\Desktop\PROJETCULT\CULT\CULT\CULT\Debug\vc100.idb
C:\USERS\CULT\DESKTOP\PROJETCULT\CULT\CULT\CULT\DEBUG\VC100.PDB
C:\Users\CULT\Desktop\PROJETCULT\CULT\CULT\Debug\CULT.pdb
