C:\USERS\MASTEON\DESKTOP\UJE\CULT\FINGERTIPTUIO3D\DEBUG\FINGERTIPTUIO3D.EXE
C:\Users\MASTEON\Desktop\UJE\CULT\FingertipTuio3d\Debug\FingertipTuio3d.exp
C:\USERS\MASTEON\DESKTOP\UJE\CULT\FINGERTIPTUIO3D\DEBUG\FINGERTIPTUIO3D.ILK
C:\Users\MASTEON\Desktop\UJE\CULT\FingertipTuio3d\Debug\FingertipTuio3d.lib
C:\USERS\MASTEON\DESKTOP\UJE\CULT\FINGERTIPTUIO3D\DEBUG\FINGERTIPTUIO3D.PDB
C:\USERS\MASTEON\DESKTOP\UJE\CULT\FINGERTIPTUIO3D\FINGERTIPTUIO3D\DEBUG\CHROMATICPOINT.OBJ
C:\Users\MASTEON\Desktop\UJE\CULT\FingertipTuio3d\FingertipTuio3d\Debug\cl.command.1.tlog
C:\Users\MASTEON\Desktop\UJE\CULT\FingertipTuio3d\FingertipTuio3d\Debug\CL.read.1.tlog
C:\Users\MASTEON\Desktop\UJE\CULT\FingertipTuio3d\FingertipTuio3d\Debug\CL.write.1.tlog
C:\USERS\MASTEON\DESKTOP\UJE\CULT\FINGERTIPTUIO3D\FINGERTIPTUIO3D\DEBUG\CULTWINDOW.OBJ
C:\Users\MASTEON\Desktop\UJE\CULT\FingertipTuio3d\FingertipTuio3d\Debug\FingertipTuio3d.exe.embed.manifest
C:\USERS\MASTEON\DESKTOP\UJE\CULT\FINGERTIPTUIO3D\FINGERTIPTUIO3D\DEBUG\FINGERTIPTUIO3D.EXE.EMBED.MANIFEST.RES
C:\USERS\MASTEON\DESKTOP\UJE\CULT\FINGERTIPTUIO3D\FINGERTIPTUIO3D\DEBUG\FINGERTIPTUIO3D.EXE.INTERMEDIATE.MANIFEST
C:\Users\MASTEON\Desktop\UJE\CULT\FingertipTuio3d\FingertipTuio3d\Debug\FingertipTuio3d.write.1.tlog
C:\Users\MASTEON\Desktop\UJE\CULT\FingertipTuio3d\FingertipTuio3d\Debug\FingertipTuio3d_manifest.rc
C:\USERS\MASTEON\DESKTOP\UJE\CULT\FINGERTIPTUIO3D\FINGERTIPTUIO3D\DEBUG\IPENDPOINTNAME.OBJ
C:\Users\MASTEON\Desktop\UJE\CULT\FingertipTuio3d\FingertipTuio3d\Debug\link.1788.read.1.tlog
C:\Users\MASTEON\Desktop\UJE\CULT\FingertipTuio3d\FingertipTuio3d\Debug\link.1788.write.1.tlog
C:\Users\MASTEON\Desktop\UJE\CULT\FingertipTuio3d\FingertipTuio3d\Debug\link.1788-cvtres.read.1.tlog
C:\Users\MASTEON\Desktop\UJE\CULT\FingertipTuio3d\FingertipTuio3d\Debug\link.1788-cvtres.write.1.tlog
C:\Users\MASTEON\Desktop\UJE\CULT\FingertipTuio3d\FingertipTuio3d\Debug\link.2108.read.1.tlog
C:\Users\MASTEON\Desktop\UJE\CULT\FingertipTuio3d\FingertipTuio3d\Debug\link.2108.write.1.tlog
C:\Users\MASTEON\Desktop\UJE\CULT\FingertipTuio3d\FingertipTuio3d\Debug\link.2108-cvtres.read.1.tlog
C:\Users\MASTEON\Desktop\UJE\CULT\FingertipTuio3d\FingertipTuio3d\Debug\link.2108-cvtres.write.1.tlog
C:\Users\MASTEON\Desktop\UJE\CULT\FingertipTuio3d\FingertipTuio3d\Debug\link.3964.read.1.tlog
C:\Users\MASTEON\Desktop\UJE\CULT\FingertipTuio3d\FingertipTuio3d\Debug\link.3964.write.1.tlog
C:\Users\MASTEON\Desktop\UJE\CULT\FingertipTuio3d\FingertipTuio3d\Debug\link.3964-cvtres.read.1.tlog
C:\Users\MASTEON\Desktop\UJE\CULT\FingertipTuio3d\FingertipTuio3d\Debug\link.3964-cvtres.write.1.tlog
C:\Users\MASTEON\Desktop\UJE\CULT\FingertipTuio3d\FingertipTuio3d\Debug\link.4068.read.1.tlog
C:\Users\MASTEON\Desktop\UJE\CULT\FingertipTuio3d\FingertipTuio3d\Debug\link.4068.write.1.tlog
C:\Users\MASTEON\Desktop\UJE\CULT\FingertipTuio3d\FingertipTuio3d\Debug\link.4068-cvtres.read.1.tlog
C:\Users\MASTEON\Desktop\UJE\CULT\FingertipTuio3d\FingertipTuio3d\Debug\link.4068-cvtres.write.1.tlog
C:\Users\MASTEON\Desktop\UJE\CULT\FingertipTuio3d\FingertipTuio3d\Debug\link.4236.read.1.tlog
C:\Users\MASTEON\Desktop\UJE\CULT\FingertipTuio3d\FingertipTuio3d\Debug\link.4236.write.1.tlog
C:\Users\MASTEON\Desktop\UJE\CULT\FingertipTuio3d\FingertipTuio3d\Debug\link.4236-cvtres.read.1.tlog
C:\Users\MASTEON\Desktop\UJE\CULT\FingertipTuio3d\FingertipTuio3d\Debug\link.4236-cvtres.write.1.tlog
C:\Users\MASTEON\Desktop\UJE\CULT\FingertipTuio3d\FingertipTuio3d\Debug\link.4332.read.1.tlog
C:\Users\MASTEON\Desktop\UJE\CULT\FingertipTuio3d\FingertipTuio3d\Debug\link.4332.write.1.tlog
C:\Users\MASTEON\Desktop\UJE\CULT\FingertipTuio3d\FingertipTuio3d\Debug\link.4332-cvtres.read.1.tlog
C:\Users\MASTEON\Desktop\UJE\CULT\FingertipTuio3d\FingertipTuio3d\Debug\link.4332-cvtres.write.1.tlog
C:\Users\MASTEON\Desktop\UJE\CULT\FingertipTuio3d\FingertipTuio3d\Debug\link.5540.read.1.tlog
C:\Users\MASTEON\Desktop\UJE\CULT\FingertipTuio3d\FingertipTuio3d\Debug\link.5540.write.1.tlog
C:\Users\MASTEON\Desktop\UJE\CULT\FingertipTuio3d\FingertipTuio3d\Debug\link.5540-cvtres.read.1.tlog
C:\Users\MASTEON\Desktop\UJE\CULT\FingertipTuio3d\FingertipTuio3d\Debug\link.5540-cvtres.write.1.tlog
C:\Users\MASTEON\Desktop\UJE\CULT\FingertipTuio3d\FingertipTuio3d\Debug\link.5732.read.1.tlog
C:\Users\MASTEON\Desktop\UJE\CULT\FingertipTuio3d\FingertipTuio3d\Debug\link.5732.write.1.tlog
C:\Users\MASTEON\Desktop\UJE\CULT\FingertipTuio3d\FingertipTuio3d\Debug\link.5732-cvtres.read.1.tlog
C:\Users\MASTEON\Desktop\UJE\CULT\FingertipTuio3d\FingertipTuio3d\Debug\link.5732-cvtres.write.1.tlog
C:\Users\MASTEON\Desktop\UJE\CULT\FingertipTuio3d\FingertipTuio3d\Debug\link.5988.read.1.tlog
C:\Users\MASTEON\Desktop\UJE\CULT\FingertipTuio3d\FingertipTuio3d\Debug\link.5988.write.1.tlog
C:\Users\MASTEON\Desktop\UJE\CULT\FingertipTuio3d\FingertipTuio3d\Debug\link.5988-cvtres.read.1.tlog
C:\Users\MASTEON\Desktop\UJE\CULT\FingertipTuio3d\FingertipTuio3d\Debug\link.5988-cvtres.write.1.tlog
C:\Users\MASTEON\Desktop\UJE\CULT\FingertipTuio3d\FingertipTuio3d\Debug\link.5996.read.1.tlog
C:\Users\MASTEON\Desktop\UJE\CULT\FingertipTuio3d\FingertipTuio3d\Debug\link.5996.write.1.tlog
C:\Users\MASTEON\Desktop\UJE\CULT\FingertipTuio3d\FingertipTuio3d\Debug\link.5996-cvtres.read.1.tlog
C:\Users\MASTEON\Desktop\UJE\CULT\FingertipTuio3d\FingertipTuio3d\Debug\link.5996-cvtres.write.1.tlog
C:\Users\MASTEON\Desktop\UJE\CULT\FingertipTuio3d\FingertipTuio3d\Debug\link.6068.read.1.tlog
C:\Users\MASTEON\Desktop\UJE\CULT\FingertipTuio3d\FingertipTuio3d\Debug\link.6068.write.1.tlog
C:\Users\MASTEON\Desktop\UJE\CULT\FingertipTuio3d\FingertipTuio3d\Debug\link.6068-cvtres.read.1.tlog
C:\Users\MASTEON\Desktop\UJE\CULT\FingertipTuio3d\FingertipTuio3d\Debug\link.6068-cvtres.write.1.tlog
C:\Users\MASTEON\Desktop\UJE\CULT\FingertipTuio3d\FingertipTuio3d\Debug\link.6196.read.1.tlog
C:\Users\MASTEON\Desktop\UJE\CULT\FingertipTuio3d\FingertipTuio3d\Debug\link.6196.write.1.tlog
C:\Users\MASTEON\Desktop\UJE\CULT\FingertipTuio3d\FingertipTuio3d\Debug\link.6196-cvtres.read.1.tlog
C:\Users\MASTEON\Desktop\UJE\CULT\FingertipTuio3d\FingertipTuio3d\Debug\link.6196-cvtres.write.1.tlog
C:\Users\MASTEON\Desktop\UJE\CULT\FingertipTuio3d\FingertipTuio3d\Debug\link.6788.read.1.tlog
C:\Users\MASTEON\Desktop\UJE\CULT\FingertipTuio3d\FingertipTuio3d\Debug\link.6788.write.1.tlog
C:\Users\MASTEON\Desktop\UJE\CULT\FingertipTuio3d\FingertipTuio3d\Debug\link.6788-cvtres.read.1.tlog
C:\Users\MASTEON\Desktop\UJE\CULT\FingertipTuio3d\FingertipTuio3d\Debug\link.6788-cvtres.write.1.tlog
C:\Users\MASTEON\Desktop\UJE\CULT\FingertipTuio3d\FingertipTuio3d\Debug\link.6928.read.1.tlog
C:\Users\MASTEON\Desktop\UJE\CULT\FingertipTuio3d\FingertipTuio3d\Debug\link.6928.write.1.tlog
C:\Users\MASTEON\Desktop\UJE\CULT\FingertipTuio3d\FingertipTuio3d\Debug\link.6928-cvtres.read.1.tlog
C:\Users\MASTEON\Desktop\UJE\CULT\FingertipTuio3d\FingertipTuio3d\Debug\link.6928-cvtres.write.1.tlog
C:\Users\MASTEON\Desktop\UJE\CULT\FingertipTuio3d\FingertipTuio3d\Debug\link.7260.read.1.tlog
C:\Users\MASTEON\Desktop\UJE\CULT\FingertipTuio3d\FingertipTuio3d\Debug\link.7260.write.1.tlog
C:\Users\MASTEON\Desktop\UJE\CULT\FingertipTuio3d\FingertipTuio3d\Debug\link.7260-cvtres.read.1.tlog
C:\Users\MASTEON\Desktop\UJE\CULT\FingertipTuio3d\FingertipTuio3d\Debug\link.7260-cvtres.write.1.tlog
C:\Users\MASTEON\Desktop\UJE\CULT\FingertipTuio3d\FingertipTuio3d\Debug\link.7272.read.1.tlog
C:\Users\MASTEON\Desktop\UJE\CULT\FingertipTuio3d\FingertipTuio3d\Debug\link.7272.write.1.tlog
C:\Users\MASTEON\Desktop\UJE\CULT\FingertipTuio3d\FingertipTuio3d\Debug\link.7272-cvtres.read.1.tlog
C:\Users\MASTEON\Desktop\UJE\CULT\FingertipTuio3d\FingertipTuio3d\Debug\link.7272-cvtres.write.1.tlog
C:\Users\MASTEON\Desktop\UJE\CULT\FingertipTuio3d\FingertipTuio3d\Debug\link.7616.read.1.tlog
C:\Users\MASTEON\Desktop\UJE\CULT\FingertipTuio3d\FingertipTuio3d\Debug\link.7616.write.1.tlog
C:\Users\MASTEON\Desktop\UJE\CULT\FingertipTuio3d\FingertipTuio3d\Debug\link.7616-cvtres.read.1.tlog
C:\Users\MASTEON\Desktop\UJE\CULT\FingertipTuio3d\FingertipTuio3d\Debug\link.7616-cvtres.write.1.tlog
C:\Users\MASTEON\Desktop\UJE\CULT\FingertipTuio3d\FingertipTuio3d\Debug\link.840.read.1.tlog
C:\Users\MASTEON\Desktop\UJE\CULT\FingertipTuio3d\FingertipTuio3d\Debug\link.840.write.1.tlog
C:\Users\MASTEON\Desktop\UJE\CULT\FingertipTuio3d\FingertipTuio3d\Debug\link.840-cvtres.read.1.tlog
C:\Users\MASTEON\Desktop\UJE\CULT\FingertipTuio3d\FingertipTuio3d\Debug\link.840-cvtres.write.1.tlog
C:\Users\MASTEON\Desktop\UJE\CULT\FingertipTuio3d\FingertipTuio3d\Debug\link.command.1.tlog
C:\Users\MASTEON\Desktop\UJE\CULT\FingertipTuio3d\FingertipTuio3d\Debug\link.read.1.tlog
C:\Users\MASTEON\Desktop\UJE\CULT\FingertipTuio3d\FingertipTuio3d\Debug\link.write.1.tlog
C:\Users\MASTEON\Desktop\UJE\CULT\FingertipTuio3d\FingertipTuio3d\Debug\link-cvtres.read.1.tlog
C:\Users\MASTEON\Desktop\UJE\CULT\FingertipTuio3d\FingertipTuio3d\Debug\link-cvtres.write.1.tlog
C:\USERS\MASTEON\DESKTOP\UJE\CULT\FINGERTIPTUIO3D\FINGERTIPTUIO3D\DEBUG\MAIN.OBJ
C:\Users\MASTEON\Desktop\UJE\CULT\FingertipTuio3d\FingertipTuio3d\Debug\mt.command.1.tlog
C:\Users\MASTEON\Desktop\UJE\CULT\FingertipTuio3d\FingertipTuio3d\Debug\mt.read.1.tlog
C:\Users\MASTEON\Desktop\UJE\CULT\FingertipTuio3d\FingertipTuio3d\Debug\mt.write.1.tlog
C:\USERS\MASTEON\DESKTOP\UJE\CULT\FINGERTIPTUIO3D\FINGERTIPTUIO3D\DEBUG\NETWORKINGUTILS.OBJ
C:\USERS\MASTEON\DESKTOP\UJE\CULT\FINGERTIPTUIO3D\FINGERTIPTUIO3D\DEBUG\OSCOUTBOUNDPACKETSTREAM.OBJ
C:\USERS\MASTEON\DESKTOP\UJE\CULT\FINGERTIPTUIO3D\FINGERTIPTUIO3D\DEBUG\OSCPRINTRECEIVEDELEMENTS.OBJ
C:\USERS\MASTEON\DESKTOP\UJE\CULT\FINGERTIPTUIO3D\FINGERTIPTUIO3D\DEBUG\OSCRECEIVEDELEMENTS.OBJ
C:\USERS\MASTEON\DESKTOP\UJE\CULT\FINGERTIPTUIO3D\FINGERTIPTUIO3D\DEBUG\OSCTYPES.OBJ
C:\Users\MASTEON\Desktop\UJE\CULT\FingertipTuio3d\FingertipTuio3d\Debug\rc.command.1.tlog
C:\Users\MASTEON\Desktop\UJE\CULT\FingertipTuio3d\FingertipTuio3d\Debug\rc.read.1.tlog
C:\Users\MASTEON\Desktop\UJE\CULT\FingertipTuio3d\FingertipTuio3d\Debug\rc.write.1.tlog
C:\USERS\MASTEON\DESKTOP\UJE\CULT\FINGERTIPTUIO3D\FINGERTIPTUIO3D\DEBUG\TUIOCLIENT.OBJ
C:\USERS\MASTEON\DESKTOP\UJE\CULT\FINGERTIPTUIO3D\FINGERTIPTUIO3D\DEBUG\TUIOSERVER.OBJ
C:\USERS\MASTEON\DESKTOP\UJE\CULT\FINGERTIPTUIO3D\FINGERTIPTUIO3D\DEBUG\TUIOTIME.OBJ
C:\USERS\MASTEON\DESKTOP\UJE\CULT\FINGERTIPTUIO3D\FINGERTIPTUIO3D\DEBUG\UDPSOCKET.OBJ
C:\Users\MASTEON\Desktop\UJE\CULT\FingertipTuio3d\FingertipTuio3d\Debug\vc100.idb
C:\USERS\MASTEON\DESKTOP\UJE\CULT\FINGERTIPTUIO3D\FINGERTIPTUIO3D\DEBUG\VC100.PDB
C:\USERS\MASTEON\DESKTOP\UJE\PROJET\FINGERTIPTUIO3D\DEBUG\FINGERTIPTUIO3D.EXE
C:\Users\MASTEON\Desktop\UJE\PROJET\FingertipTuio3d\Debug\FingertipTuio3d.exp
C:\USERS\MASTEON\DESKTOP\UJE\PROJET\FINGERTIPTUIO3D\DEBUG\FINGERTIPTUIO3D.ILK
C:\Users\MASTEON\Desktop\UJE\PROJET\FingertipTuio3d\Debug\FingertipTuio3d.lib
C:\USERS\MASTEON\DESKTOP\UJE\PROJET\FINGERTIPTUIO3D\DEBUG\FINGERTIPTUIO3D.PDB
C:\USERS\MASTEON\DESKTOP\UJE\PROJET\FINGERTIPTUIO3D\FINGERTIPTUIO3D\DEBUG\CHROMATICPOINT.OBJ
C:\USERS\MASTEON\DESKTOP\UJE\PROJET\FINGERTIPTUIO3D\FINGERTIPTUIO3D\DEBUG\CULTWINDOW.OBJ
C:\USERS\MASTEON\DESKTOP\UJE\PROJET\FINGERTIPTUIO3D\FINGERTIPTUIO3D\DEBUG\FINGERTIPTUIO3D.EXE.EMBED.MANIFEST
C:\USERS\MASTEON\DESKTOP\UJE\PROJET\FINGERTIPTUIO3D\FINGERTIPTUIO3D\DEBUG\FINGERTIPTUIO3D.EXE.EMBED.MANIFEST.RES
C:\USERS\MASTEON\DESKTOP\UJE\PROJET\FINGERTIPTUIO3D\FINGERTIPTUIO3D\DEBUG\FINGERTIPTUIO3D.EXE.INTERMEDIATE.MANIFEST
C:\USERS\MASTEON\DESKTOP\UJE\PROJET\FINGERTIPTUIO3D\FINGERTIPTUIO3D\DEBUG\IPENDPOINTNAME.OBJ
C:\USERS\MASTEON\DESKTOP\UJE\PROJET\FINGERTIPTUIO3D\FINGERTIPTUIO3D\DEBUG\MAIN.OBJ
C:\USERS\MASTEON\DESKTOP\UJE\PROJET\FINGERTIPTUIO3D\FINGERTIPTUIO3D\DEBUG\NETWORKINGUTILS.OBJ
C:\USERS\MASTEON\DESKTOP\UJE\PROJET\FINGERTIPTUIO3D\FINGERTIPTUIO3D\DEBUG\OSCOUTBOUNDPACKETSTREAM.OBJ
C:\USERS\MASTEON\DESKTOP\UJE\PROJET\FINGERTIPTUIO3D\FINGERTIPTUIO3D\DEBUG\OSCPRINTRECEIVEDELEMENTS.OBJ
C:\USERS\MASTEON\DESKTOP\UJE\PROJET\FINGERTIPTUIO3D\FINGERTIPTUIO3D\DEBUG\OSCRECEIVEDELEMENTS.OBJ
C:\USERS\MASTEON\DESKTOP\UJE\PROJET\FINGERTIPTUIO3D\FINGERTIPTUIO3D\DEBUG\OSCTYPES.OBJ
C:\USERS\MASTEON\DESKTOP\UJE\PROJET\FINGERTIPTUIO3D\FINGERTIPTUIO3D\DEBUG\TUIOCLIENT.OBJ
C:\USERS\MASTEON\DESKTOP\UJE\PROJET\FINGERTIPTUIO3D\FINGERTIPTUIO3D\DEBUG\TUIOSERVER.OBJ
C:\USERS\MASTEON\DESKTOP\UJE\PROJET\FINGERTIPTUIO3D\FINGERTIPTUIO3D\DEBUG\TUIOTIME.OBJ
C:\USERS\MASTEON\DESKTOP\UJE\PROJET\FINGERTIPTUIO3D\FINGERTIPTUIO3D\DEBUG\UDPSOCKET.OBJ
C:\USERS\MASTEON\DESKTOP\UJE\PROJET\FINGERTIPTUIO3D\FINGERTIPTUIO3D\DEBUG\VC100.PDB
